[ 2017-10-13T17:54:26+08:00 ] 127.0.0.1 /
INFO: [ app_init ] --START--
INFO: Run Behavior\BuildLiteBehavior [ RunTime:0.000026s ]
INFO: [ app_init ] --END-- [ RunTime:0.000145s ]
INFO: [ app_begin ] --START--
INFO: Run Behavior\ReadHtmlCacheBehavior [ RunTime:0.000770s ]
INFO: [ app_begin ] --END-- [ RunTime:0.000918s ]
NOTIC: [2048] Declaration of Home\Controller\CommonController::error() should be compatible with Think\Controller::error($message = '', $jumpUrl = '', $ajax = false) D:\wamp64\www\Application\Home\Controller\CommonController.class.php 第 24 行.
ERR: 1146:Table 'poi.poi_news' doesn't exist
 [ SQL语句 ] : SHOW COLUMNS FROM `poi_news`
ERR: 1146:Table 'poi.poi_news' doesn't exist
 [ SQL语句 ] : SHOW COLUMNS FROM `poi_news`

[ 2017-10-13T18:22:23+08:00 ] 127.0.0.1 /
INFO: [ app_init ] --START--
INFO: Run Behavior\BuildLiteBehavior [ RunTime:0.000067s ]
INFO: [ app_init ] --END-- [ RunTime:0.000423s ]
INFO: [ app_begin ] --START--
INFO: Run Behavior\ReadHtmlCacheBehavior [ RunTime:0.001193s ]
INFO: [ app_begin ] --END-- [ RunTime:0.001551s ]
NOTIC: [2048] Declaration of Home\Controller\CommonController::error() should be compatible with Think\Controller::error($message = '', $jumpUrl = '', $ajax = false) D:\wamp64\www\Application\Home\Controller\CommonController.class.php 第 24 行.
ERR: 1146:Table 'poi.poi_news' doesn't exist
 [ SQL语句 ] : SHOW COLUMNS FROM `poi_news`
ERR: 1146:Table 'poi.poi_news' doesn't exist
 [ SQL语句 ] : SHOW COLUMNS FROM `poi_news`

[ 2017-10-13T18:24:43+08:00 ] 127.0.0.1 /
INFO: [ app_init ] --START--
INFO: Run Behavior\BuildLiteBehavior [ RunTime:0.000023s ]
INFO: [ app_init ] --END-- [ RunTime:0.000132s ]
INFO: [ app_begin ] --START--
INFO: Run Behavior\ReadHtmlCacheBehavior [ RunTime:0.000375s ]
INFO: [ app_begin ] --END-- [ RunTime:0.000480s ]
NOTIC: [2048] Declaration of Home\Controller\CommonController::error() should be compatible with Think\Controller::error($message = '', $jumpUrl = '', $ajax = false) D:\wamp64\www\Application\Home\Controller\CommonController.class.php 第 24 行.
ERR: 1146:Table 'poi.poi_news' doesn't exist
 [ SQL语句 ] : SHOW COLUMNS FROM `poi_news`
ERR: 1146:Table 'poi.poi_news' doesn't exist
 [ SQL语句 ] : SHOW COLUMNS FROM `poi_news`

